

*** EXPLORE ***  ver 4.10

haunt is now being built...


Haunted House!!
(based on Radio Shack's "Haunted House" adventure game)


You are at the outside of the house.
The front door is closed.
There is a crumpled piece of paper on the ground.
:get paper
Ok
:plugh

You materialize inside the door.

You are at the foyer.
:e

You are at the living room.
A knife is levitating in the middle of the room.
There is a mysterious scroll on the ground.
:get knife
Ok
:e

You are at the dining room.
:s

You are at the kitchen.
A bucket of water is on the floor.
:s

A suit of armour here flees when it spots your knife.

You are at the breakfast room.
:e

You are at the servants quarters.
There is a cabinet on one wall.
:n

You are at the servants quarters.
There is a cabinet on one wall.
:open cabinet
Ok
There is a key in it.
:get key
Ok
:s

You are at the servants quarters.
There is a cabinet on one wall.
:w

You are at the breakfast room.
:n

You are at the kitchen.
A bucket of water is on the floor.
:w

You are at the den.
:n

You are at the foyer.
:w

You are at the east end of the hall.
:w

You are at the west end of the hall.
A locked door bars the way south.
:n

You are at the blue bedroom. There's a panel on the east wall.
:panel

You are at the secret passage.
A rope is nearby.
:get rope
Ok
:w

You are at the blue bedroom. There's a panel on the east wall.
:s

You are at the west end of the hall.
A locked door bars the way south.
:s

You are at the master bedroom.
A wall of raging fire blocks the way east.
:yes
Ok

You are at the library. There is a hole in the ceiling.
:drop rope
Ok
Instantly the rope unwinds and levitates to the hole in the ceiling!
:u

You reach the second floor.

You are in a dimly lit room. There is a hole in the floor.
There is a magic sword on the floor.
:get sword
Ok
:w

You are in a dimly lit room.
There is a ghost here.
:kill ghost
Your magic sword enables you to kill the ghost!
:w

You are in a dimly lit room.
There is a ghost here.
:e

You are in a dimly lit room.
The body of a dead ghost is on the floor.
:drop sword
Ok
:w

You are in a dimly lit room.
There is a ghost here.
:n

You are in a dimly lit room.
There is a ghost here.
:w

You are in a dimly lit room.
There is a ghost here.
:s

You are in a dimly lit room.
There is a rusty old sign laying on the ground.
:get sign
Ok
:read sign
The sign says,
     "There are three exits from this room. Only one is true...
      You must know, but not be burdened by, this clue!"
:drop sign
Ok
:s

You walk through a door and find yourself on a balcony. You climb down a tree
and escape to safety! Congratulations! You made it!

Nice job! You successfully completed this adventure!

